<?xml version="1.0" encoding="UTF-8"?>
<testsuite xmlns:xsi="http://www.w3.org/2001/XMLSchema-instance" xsi:noNamespaceSchemaLocation="https://maven.apache.org/surefire/maven-surefire-plugin/xsd/surefire-test-report-3.0.xsd" version="3.0" name="model.ScrumBacklogTest" time="0.667" tests="86" errors="0" skipped="0" failures="0">
  <properties>
[...]
</properties>
  <testcase name="req1_singleSharedProductBacklogExists" classname="model.ScrumBacklogTest" time="0.069"/>
  <testcase name="req1_productBacklogRetainsAddedItems" classname="model.ScrumBacklogTest" time="0.011"/>
  <testcase name="req2_multipleSprintBacklogsCanBeCreated" classname="model.ScrumBacklogTest" time="0.009"/>
  <testcase name="req2_sprintBacklogsAreIndependent" classname="model.ScrumBacklogTest" time="0.005"/>
  <testcase name="req3_backlogItemHasAllRequiredFields" classname="model.ScrumBacklogTest" time="0.005"/>
  <testcase name="req3_riskLevelDefaultsToZero" classname="model.ScrumBacklogTest" time="0.006"/>
  <testcase name="req3_riskLevelCanBeSet" classname="model.ScrumBacklogTest" time="0.006"/>
  <testcase name="req3_allThreePriorityLevelsExist" classname="model.ScrumBacklogTest" time="0.013"/>
  <testcase name="req4_tc_addBacklogItem_validItemAppearsInBacklog" classname="model.ScrumBacklogTest" time="0.005"/>
  <testcase name="req4_multipleItemsCanBeAdded" classname="model.ScrumBacklogTest" time="0.005"/>
  <testcase name="req4_addItemWithoutRiskSucceeds" classname="model.ScrumBacklogTest" time="0.005"/>
  <testcase name="req5_tc_editBacklogItem_priorityTimeEffortUpdated" classname="model.ScrumBacklogTest" time="0.003"/>
  <testcase name="req5_editBacklogItem_riskUpdated" classname="model.ScrumBacklogTest" time="0.005"/>
  <testcase name="req5_editDoesNotCorruptOtherItems" classname="model.ScrumBacklogTest" time="0.005"/>
  <testcase name="req4_tc_deleteBacklogItem_itemRemovedFromList" classname="model.ScrumBacklogTest" time="0.005"/>
  <testcase name="req4_deleteOneItemLeavesOthersIntact" classname="model.ScrumBacklogTest" time="0.006"/>
  <testcase name="req6_tc_generateProposal_capacityFit" classname="model.ScrumBacklogTest" time="0.02"/>
  <testcase name="req6_tc_generateProposal_highPrioritySelectedFirst" classname="model.ScrumBacklogTest" time="0.005"/>
  <testcase name="req6_mediumPriorityBeforeLowInProposal" classname="model.ScrumBacklogTest" time="0.006"/>
  <testcase name="req6_oversizedItemExcludedFromProposal" classname="model.ScrumBacklogTest" time="0.005"/>
  <testcase name="req6_zeroCapacityProducesEmptyProposal" classname="model.ScrumBacklogTest" time="0.006"/>
  <testcase name="req6_emptyBacklogProducesEmptyProposal" classname="model.ScrumBacklogTest" time="0.005"/>
  <testcase name="req7_scrumMasterCanAddItemToProposal" classname="model.ScrumBacklogTest" time="0.005"/>
  <testcase name="req7_scrumMasterCanRemoveItemFromProposal" classname="model.ScrumBacklogTest" time="0.004"/>
  <testcase name="req7_proposalEditsDoNotMutateProductBacklog" classname="model.ScrumBacklogTest" time="0.004"/>
  <testcase name="req8_tc_approveSprint_itemsMovedAndLocked" classname="model.ScrumBacklogTest" time="0.004"/>
  <testcase name="req8_tc_rejectSprint_itemsRemainEditable" classname="model.ScrumBacklogTest" time="0.004"/>
  <testcase name="req8_afterRejectionProposalIsEditable" classname="model.ScrumBacklogTest" time="0.005"/>
  <testcase name="req8_multipleItemsAllLockedOnApproval" classname="model.ScrumBacklogTest" time="0.005"/>
  <testcase name="req9_sprintIsActiveAfterApproval" classname="model.ScrumBacklogTest" time="0.005"/>
  <testcase name="req9_freshSprintIsNotActive" classname="model.ScrumBacklogTest" time="0.005"/>
  <testcase name="req9_sprintItemsLockedAfterApproval" classname="model.ScrumBacklogTest" time="0.004"/>
  <testcase name="req10_tc_returnUnfinishedItems_toProductBacklog" classname="model.ScrumBacklogTest" time="0.004"/>
  <testcase name="req10_finishedItemsNotReturnedAtSprintEnd" classname="model.ScrumBacklogTest" time="0.005"/>
  <testcase name="req10_sprintCompleteAfterEnd" classname="model.ScrumBacklogTest" time="0.005"/>
  <testcase name="req10_mixedSprintOnlyUnfinishedReturned" classname="model.ScrumBacklogTest" time="0.004"/>
  <testcase name="req11_tc_createETasks_linkedToParent" classname="model.ScrumBacklogTest" time="0.014"/>
  <testcase name="req11_multipleTasksPerSprintItem" classname="model.ScrumBacklogTest" time="0.006"/>
  <testcase name="req11_tasksDoNotCrossParents" classname="model.ScrumBacklogTest" time="0.003"/>
  <testcase name="req12_newTaskInheritsParentPriority" classname="model.ScrumBacklogTest" time="0.005"/>
  <testcase name="req12_priorityChangePropagatestoAllChildren" classname="model.ScrumBacklogTest" time="0.004"/>
  <testcase name="req12_priorityPropagationAllDirections" classname="model.ScrumBacklogTest" time="0.004"/>
  <testcase name="req13_tc_editETasks_titleAndEffortUpdated" classname="model.ScrumBacklogTest" time="0.005"/>
  <testcase name="req13_siblingTasksHaveIndependentEffort" classname="model.ScrumBacklogTest" time="0.004"/>
  <testcase name="req13_tc_removeETasks_taskCanBeDiscarded" classname="model.ScrumBacklogTest" time="0.004"/>
  <testcase name="req13_removeOneTaskLeavesOthersIntact" classname="model.ScrumBacklogTest" time="0.003"/>
  <testcase name="req11_tc_completeBacklogItem_statusSetComplete" classname="model.ScrumBacklogTest" time="0.004"/>
  <testcase name="req11_tc_completeBacklogItem_statusSetDelayed" classname="model.ScrumBacklogTest" time="0.003"/>
  <testcase name="req11_completedItemNotAlsoDelayed" classname="model.ScrumBacklogTest" time="0.004"/>
  <testcase name="req14_tc_logTime_actualTimeAndEffortUpdated" classname="model.ScrumBacklogTest" time="0.004"/>
  <testcase name="req14_logTimeAccumulatesAcrossMultipleCalls" classname="model.ScrumBacklogTest" time="0.005"/>
  <testcase name="req14_initialActualTimeAndEffortAreZero" classname="model.ScrumBacklogTest" time="0.005"/>
  <testcase name="req14_logTimeDoesNotCrossItems" classname="model.ScrumBacklogTest" time="0.004"/>
  <testcase name="req15_tc_displayVelocity_equalsCompletedEffort" classname="model.ScrumBacklogTest" time="0.004"/>
  <testcase name="req15_velocityZeroWhenNothingCompleted" classname="model.ScrumBacklogTest" time="0.004"/>
  <testcase name="req15_velocityExcludesDelayedAndUnfinishedItems" classname="model.ScrumBacklogTest" time="0.004"/>
  <testcase name="req15_burndownDataCanBeRecordedAndRetrieved" classname="model.ScrumBacklogTest" time="0.035"/>
  <testcase name="req15_burndownTotalAtSprintStartEqualsAllEffort" classname="model.ScrumBacklogTest" time="0.005"/>
  <testcase name="req16_tc_loginUserDashboard_scrumTeamRole" classname="model.ScrumBacklogTest" time="0.003"/>
  <testcase name="req16_tc_loginScrumMasterDashboard_scrumMasterRole" classname="model.ScrumBacklogTest" time="0.005"/>
  <testcase name="req16_tc_loginProductOwnerDashboard_productOwnerRole" classname="model.ScrumBacklogTest" time="0.006"/>
  <testcase name="req16_wrongPasswordReturnsNull" classname="model.ScrumBacklogTest" time="0.004"/>
  <testcase name="req16_unknownUsernameReturnsNull" classname="model.ScrumBacklogTest" time="0.005"/>
  <testcase name="req16_emptyUsernameReturnsNull" classname="model.ScrumBacklogTest" time="0.004"/>
  <testcase name="req16_emptyPasswordReturnsNull" classname="model.ScrumBacklogTest" time="0.003"/>
  <testcase name="req16_credentialsAreCaseSensitive" classname="model.ScrumBacklogTest" time="0.003"/>
  <testcase name="req17_scrumTeamRoleCorrectlyResolved" classname="model.ScrumBacklogTest" time="0.004"/>
  <testcase name="req17_scrumMasterRoleCorrectlyResolved" classname="model.ScrumBacklogTest" time="0.002"/>
  <testcase name="req17_productOwnerRoleCorrectlyResolved" classname="model.ScrumBacklogTest" time="0.004"/>
  <testcase name="req17_failedLoginReturnsNull" classname="model.ScrumBacklogTest" time="0.004"/>
  <testcase name="reg_registeredUserCanLogin" classname="model.ScrumBacklogTest" time="0.003"/>
  <testcase name="reg_registeredUserHasCorrectRole" classname="model.ScrumBacklogTest" time="0.003"/>
  <testcase name="reg_duplicateUsernameReturnsFalse" classname="model.ScrumBacklogTest" time="0.003"/>
  <testcase name="reg_duplicateAttemptDoesNotOverwritePassword" classname="model.ScrumBacklogTest" time="0.004"/>
  <testcase name="reg_cannotRegisterExistingDefaultUsername" classname="model.ScrumBacklogTest" time="0.003"/>
  <testcase name="backlog_newItemHasNoAssignee" classname="model.ScrumBacklogTest" time="0.002"/>
  <testcase name="backlog_assigneeCanBeSetAndRetrieved" classname="model.ScrumBacklogTest" time="0.004"/>
  <testcase name="backlog_assigneeCanBeReassigned" classname="model.ScrumBacklogTest" time="0.003"/>
  <testcase name="backlog_newItemHasEmptyTaskList" classname="model.ScrumBacklogTest" time="0.004"/>
  <testcase name="backlog_taskCanBeAddedAndRetrieved" classname="model.ScrumBacklogTest" time="0.004"/>
  <testcase name="backlog_duplicateTaskNotAdded" classname="model.ScrumBacklogTest" time="0.002"/>
  <testcase name="backlog_multipleTasksCanBeAdded" classname="model.ScrumBacklogTest" time="0.004"/>
  <testcase name="backlog_taskCanBeRemoved" classname="model.ScrumBacklogTest" time="0.003"/>
  <testcase name="backlog_removingOneTaskLeavesOthersIntact" classname="model.ScrumBacklogTest" time="0.003"/>
  <testcase name="backlog_getTasksReturnsDefensiveCopy" classname="model.ScrumBacklogTest" time="0.003"/>
  <testcase name="backlog_tasksDoNotLeakBetweenItems" classname="model.ScrumBacklogTest" time="0.003"/>
</testsuite>